App/Prototype/HighWatch/platforms/android/app/build/outputs/logs/manifest-merger-debug-report.txt
-- Merging decision tree log ---
manifest
ADDED from src/main/AndroidManifest.xml:2:1-33:12
INJECTED from src/main/AndroidManifest.xml:2:1-33:12
INJECTED from src/main/AndroidManifest.xml:2:1-33:12
INJECTED from src/main/AndroidManifest.xml:2:1-33:12
MERGED from [:CordovaLib] AndroidManifest.xml:20:1-27:12
MERGED from [com.android.support:customtabs:23.3.0] AndroidManifest.xml:17:1-24:12
MERGED from [com.android.support:support-v4:23.3.0] AndroidManifest.xml:17:1-24:12
INJECTED from src/main/AndroidManifest.xml:2:1-33:12
INJECTED from src/main/AndroidManifest.xml:2:1-33:12
INJECTED from src/main/AndroidManifest.xml:2:1-33:12
	package
		ADDED from src/main/AndroidManifest.xml:2:102-133
		INJECTED from src/main/AndroidManifest.xml
		INJECTED from src/main/AndroidManifest.xml
	android:versionName
		ADDED from src/main/AndroidManifest.xml:2:74-101
		INJECTED from src/main/AndroidManifest.xml
		INJECTED from src/main/AndroidManifest.xml
	android:hardwareAccelerated
		ADDED from src/main/AndroidManifest.xml:2:11-45
	xmlns:android
		ADDED from src/main/AndroidManifest.xml:2:134-192
	android:versionCode
		ADDED from src/main/AndroidManifest.xml:2:46-73
		INJECTED from src/main/AndroidManifest.xml
		INJECTED from src/main/AndroidManifest.xml
supports-screens
ADDED from src/main/AndroidManifest.xml:3:3-188
	android:largeScreens
		ADDED from src/main/AndroidManifest.xml:3:47-74
	android:smallScreens
		ADDED from src/main/AndroidManifest.xml:3:130-157
	android:normalScreens
		ADDED from src/main/AndroidManifest.xml:3:75-103
	android:xlargeScreens
		ADDED from src/main/AndroidManifest.xml:3:158-186
	android:resizeable
		ADDED from src/main/AndroidManifest.xml:3:104-129
	android:anyDensity
		ADDED from src/main/AndroidManifest.xml:3:21-46
uses-permission#android.permission.INTERNET
ADDED from src/main/AndroidManifest.xml:4:3-64
	android:name
		ADDED from src/main/AndroidManifest.xml:4:20-62
uses-permission#android.permission.WRITE_EXTERNAL_STORAGE
ADDED from src/main/AndroidManifest.xml:5:3-78
	android:name
		ADDED from src/main/AndroidManifest.xml:5:20-76
application
ADDED from src/main/AndroidManifest.xml:6:3-31:17
MERGED from [com.android.support:customtabs:23.3.0] AndroidManifest.xml:22:5-20
MERGED from [com.android.support:customtabs:23.3.0] AndroidManifest.xml:22:5-20
MERGED from [com.android.support:support-v4:23.3.0] AndroidManifest.xml:22:5-20
MERGED from [com.android.support:support-v4:23.3.0] AndroidManifest.xml:22:5-20
	android:supportsRtl
		ADDED from src/main/AndroidManifest.xml:6:119-145
	android:label
		ADDED from src/main/AndroidManifest.xml:6:86-118
	android:hardwareAccelerated
		ADDED from src/main/AndroidManifest.xml:6:16-50
	android:icon
		ADDED from src/main/AndroidManifest.xml:6:51-85
activity#ca.sykesdev.highwatch.MainActivity
ADDED from src/main/AndroidManifest.xml:7:5-30:16
	android:label
		ADDED from src/main/AndroidManifest.xml:7:93-130
	android:launchMode
		ADDED from src/main/AndroidManifest.xml:7:131-162
	android:windowSoftInputMode
		ADDED from src/main/AndroidManifest.xml:7:254-296
	android:configChanges
		ADDED from src/main/AndroidManifest.xml:7:15-92
	android:theme
		ADDED from src/main/AndroidManifest.xml:7:191-253
	android:name
		ADDED from src/main/AndroidManifest.xml:7:163-190
intent-filter#action:name:android.intent.action.MAIN+category:name:android.intent.category.LAUNCHER
ADDED from src/main/AndroidManifest.xml:8:7-11:23
	android:label
		ADDED from src/main/AndroidManifest.xml:8:22-59
action#android.intent.action.MAIN
ADDED from src/main/AndroidManifest.xml:9:9-60
	android:name
		ADDED from src/main/AndroidManifest.xml:9:17-58
category#android.intent.category.LAUNCHER
ADDED from src/main/AndroidManifest.xml:10:9-68
	android:name
		ADDED from src/main/AndroidManifest.xml:10:19-66
intent-filter#action:name:android.intent.action.VIEW+category:name:android.intent.category.BROWSABLE+category:name:android.intent.category.DEFAULT+data:scheme:com.firebase.cordova
ADDED from src/main/AndroidManifest.xml:12:7-17:23
action#android.intent.action.VIEW
ADDED from src/main/AndroidManifest.xml:13:9-60
	android:name
		ADDED from src/main/AndroidManifest.xml:13:17-58
category#android.intent.category.DEFAULT
ADDED from src/main/AndroidManifest.xml:14:9-67
	android:name
		ADDED from src/main/AndroidManifest.xml:14:19-65
category#android.intent.category.BROWSABLE
ADDED from src/main/AndroidManifest.xml:15:9-69
	android:name
		ADDED from src/main/AndroidManifest.xml:15:19-67
data
ADDED from src/main/AndroidManifest.xml:16:9-54
	android:path
		ADDED from src/main/AndroidManifest.xml:28:80-112
	android:host
		ADDED from src/main/AndroidManifest.xml:22:15-49
	android:scheme
		ADDED from src/main/AndroidManifest.xml:16:15-52
intent-filter#action:name:android.intent.action.VIEW+category:name:android.intent.category.BROWSABLE+category:name:android.intent.category.DEFAULT+data:host:highwatch.page.link+data:scheme:https
ADDED from src/main/AndroidManifest.xml:18:7-23:23
	android:autoVerify
		ADDED from src/main/AndroidManifest.xml:18:22-47
intent-filter#action:name:android.intent.action.VIEW+category:name:android.intent.category.BROWSABLE+category:name:android.intent.category.DEFAULT+data:host:high-watch.firebaseapp.com+data:path:/__/auth/callback+data:scheme:https
ADDED from src/main/AndroidManifest.xml:24:7-29:23
	android:autoVerify
		ADDED from src/main/AndroidManifest.xml:24:22-47
uses-sdk
ADDED from src/main/AndroidManifest.xml:32:3-71
INJECTED from src/main/AndroidManifest.xml:32:3-71
MERGED from [:CordovaLib] AndroidManifest.xml:25:5-44
MERGED from [:CordovaLib] AndroidManifest.xml:25:5-44
MERGED from [com.android.support:customtabs:23.3.0] AndroidManifest.xml:20:5-44
MERGED from [com.android.support:customtabs:23.3.0] AndroidManifest.xml:20:5-44
MERGED from [com.android.support:support-v4:23.3.0] AndroidManifest.xml:20:5-43
MERGED from [com.android.support:support-v4:23.3.0] AndroidManifest.xml:20:5-43
INJECTED from src/main/AndroidManifest.xml:32:3-71
	android:targetSdkVersion
		ADDED from src/main/AndroidManifest.xml:32:40-69
	android:minSdkVersion
		ADDED from src/main/AndroidManifest.xml:32:13-39
		INJECTED from src/main/AndroidManifest.xml
		INJECTED from src/main/AndroidManifest.xml